#
# There is insufficient memory for the Java Runtime Environment to continue.
# Native memory allocation (malloc) failed to allocate 1352928 bytes for Chunk::new
# Possible reasons:
#   The system is out of physical RAM or swap space
#   The process is running with CompressedOops enabled, and the Java Heap may be blocking the growth of the native heap
# Possible solutions:
#   Reduce memory load on the system
#   Increase physical memory or swap space
#   Check if swap backing store is full
#   Decrease Java heap size (-Xmx/-Xms)
#   Decrease number of Java threads
#   Decrease Java thread stack sizes (-Xss)
#   Set larger code cache with -XX:ReservedCodeCacheSize=
#   JVM is running with Zero Based Compressed Oops mode in which the Java heap is
#     placed in the first 32GB address space. The Java Heap base address is the
#     maximum limit for the native heap growth. Please use -XX:HeapBaseMinAddress
#     to set the Java Heap base and to place the Java Heap above 32GB virtual address.
# This output file may be truncated or incomplete.
#
#  Out of Memory Error (arena.cpp:189), pid=31288, tid=5348
#
# JRE version: Java(TM) SE Runtime Environment (17.0.5+9) (build 17.0.5+9-LTS-191)
# Java VM: Java HotSpot(TM) 64-Bit Server VM (17.0.5+9-LTS-191, mixed mode, sharing, tiered, compressed oops, compressed class ptrs, g1 gc, windows-amd64)
# No core dump will be written. Minidumps are not enabled by default on client versions of Windows
#

---------------  S U M M A R Y ------------

Command Line: -javaagent:C:\Program Files\JetBrains\IntelliJ IDEA Community Edition 2022.2.1\lib\idea_rt.jar=53005:C:\Program Files\JetBrains\IntelliJ IDEA Community Edition 2022.2.1\bin -Dfile.encoding=UTF-8 io.github.vinizer4.VendasApplication

Host: Intel(R) Core(TM) i7-8750H CPU @ 2.20GHz, 12 cores, 15G,  Windows 11 , 64 bit Build 22000 (10.0.22000.1219)
Time: Tue Dec  6 00:25:22 2022 Hora oficial do Brasil elapsed time: 1.458103 seconds (0d 0h 0m 1s)

---------------  T H R E A D  ---------------

Current thread (0x0000022bb43d2e00):  JavaThread "C2 CompilerThread2" daemon [_thread_in_native, id=5348, stack(0x000000409f700000,0x000000409f800000)]


Current CompileTask:
C2:   1458 1720       4       jdk.internal.org.objectweb.asm.Frame::execute (2305 bytes)

Stack: [0x000000409f700000,0x000000409f800000]
Native frames: (J=compiled Java code, j=interpreted, Vv=VM code, C=native code)
V  [jvm.dll+0x672eea]
V  [jvm.dll+0x7d2a04]
V  [jvm.dll+0x7d41ae]
V  [jvm.dll+0x7d4813]
V  [jvm.dll+0x242c15]
V  [jvm.dll+0xaa57b]
V  [jvm.dll+0xaab0c]
V  [jvm.dll+0x35ff97]
V  [jvm.dll+0x1b9ae8]
V  [jvm.dll+0x215e19]
V  [jvm.dll+0x2150e1]
V  [jvm.dll+0x1a18ed]
V  [jvm.dll+0x22493a]
V  [jvm.dll+0x222aa5]
V  [jvm.dll+0x7885db]
V  [jvm.dll+0x782b4a]
V  [jvm.dll+0x671d75]
C  [ucrtbase.dll+0x26c0c]
C  [KERNEL32.DLL+0x15550]
C  [ntdll.dll+0x485b]


---------------  P R O C E S S  ---------------

Threads class SMR info:
_java_thread_list=0x0000022bb484df10, length=15, elements={
0x0000022b8fb59700, 0x0000022bb2ca6bd0, 0x0000022bb2ca7690, 0x0000022bb2cb9e90,
0x0000022bb2cbc760, 0x0000022bb2cbd020, 0x0000022bb2cbd8e0, 0x0000022bb2ccb9f0,
0x0000022bb2ccc3a0, 0x0000022bb2cd5e90, 0x0000022bb2d87770, 0x0000022bb2de1250,
0x0000022bb2e995d0, 0x0000022bb2ed3820, 0x0000022bb43d2e00
}

Java Threads: ( => current thread )
  0x0000022b8fb59700 JavaThread "main" [_thread_in_vm, id=14980, stack(0x000000409da00000,0x000000409db00000)]
  0x0000022bb2ca6bd0 JavaThread "Reference Handler" daemon [_thread_blocked, id=12716, stack(0x000000409e100000,0x000000409e200000)]
  0x0000022bb2ca7690 JavaThread "Finalizer" daemon [_thread_blocked, id=31720, stack(0x000000409e200000,0x000000409e300000)]
  0x0000022bb2cb9e90 JavaThread "Signal Dispatcher" daemon [_thread_blocked, id=17700, stack(0x000000409e300000,0x000000409e400000)]
  0x0000022bb2cbc760 JavaThread "Attach Listener" daemon [_thread_blocked, id=13176, stack(0x000000409e400000,0x000000409e500000)]
  0x0000022bb2cbd020 JavaThread "Service Thread" daemon [_thread_blocked, id=24232, stack(0x000000409e500000,0x000000409e600000)]
  0x0000022bb2cbd8e0 JavaThread "Monitor Deflation Thread" daemon [_thread_blocked, id=14116, stack(0x000000409e600000,0x000000409e700000)]
  0x0000022bb2ccb9f0 JavaThread "C2 CompilerThread0" daemon [_thread_blocked, id=31088, stack(0x000000409e700000,0x000000409e800000)]
  0x0000022bb2ccc3a0 JavaThread "C1 CompilerThread0" daemon [_thread_blocked, id=28348, stack(0x000000409e800000,0x000000409e900000)]
  0x0000022bb2cd5e90 JavaThread "Sweeper thread" daemon [_thread_blocked, id=7712, stack(0x000000409e900000,0x000000409ea00000)]
  0x0000022bb2d87770 JavaThread "Common-Cleaner" daemon [_thread_blocked, id=26060, stack(0x000000409ea00000,0x000000409eb00000)]
  0x0000022bb2de1250 JavaThread "C2 CompilerThread1" daemon [_thread_blocked, id=6716, stack(0x000000409eb00000,0x000000409ec00000)]
  0x0000022bb2e995d0 JavaThread "Monitor Ctrl-Break" daemon [_thread_in_native, id=29752, stack(0x000000409ec00000,0x000000409ed00000)]
  0x0000022bb2ed3820 JavaThread "Notification Thread" daemon [_thread_blocked, id=30676, stack(0x000000409ed00000,0x000000409ee00000)]
=>0x0000022bb43d2e00 JavaThread "C2 CompilerThread2" daemon [_thread_in_native, id=5348, stack(0x000000409f700000,0x000000409f800000)]

Other Threads:
  0x0000022bb2ca0210 VMThread "VM Thread" [stack: 0x000000409e000000,0x000000409e100000] [id=6724]
  0x0000022b8fbfdff0 WatcherThread [stack: 0x000000409ee00000,0x000000409ef00000] [id=17732]
  0x0000022b8fbc3630 GCTaskThread "GC Thread#0" [stack: 0x000000409db00000,0x000000409dc00000] [id=31112]
  0x0000022bb419d500 GCTaskThread "GC Thread#1" [stack: 0x000000409f000000,0x000000409f100000] [id=24088]
  0x0000022bb419d7b0 GCTaskThread "GC Thread#2" [stack: 0x000000409f100000,0x000000409f200000] [id=20212]
  0x0000022bb4183050 GCTaskThread "GC Thread#3" [stack: 0x000000409f200000,0x000000409f300000] [id=18992]
  0x0000022bb41c2680 GCTaskThread "GC Thread#4" [stack: 0x000000409f300000,0x000000409f400000] [id=29716]
  0x0000022bb41c31c0 GCTaskThread "GC Thread#5" [stack: 0x000000409f400000,0x000000409f500000] [id=31032]
  0x0000022bb41dedf0 GCTaskThread "GC Thread#6" [stack: 0x000000409f500000,0x000000409f600000] [id=6420]
  0x0000022bb41e00b0 GCTaskThread "GC Thread#7" [stack: 0x000000409f600000,0x000000409f700000] [id=31084]
  0x0000022bb515df30 GCTaskThread "GC Thread#8" [stack: 0x000000409f800000,0x000000409f900000] [id=27976]
  0x0000022bb515d850 GCTaskThread "GC Thread#9" [stack: 0x000000409f900000,0x000000409fa00000] [id=19340]
  0x0000022b8fbd4240 ConcurrentGCThread "G1 Main Marker" [stack: 0x000000409dc00000,0x000000409dd00000] [id=19004]
  0x0000022b8fbd7cf0 ConcurrentGCThread "G1 Conc#0" [stack: 0x000000409dd00000,0x000000409de00000] [id=22532]
  0x0000022b8fc2d980 ConcurrentGCThread "G1 Refine#0" [stack: 0x000000409de00000,0x000000409df00000] [id=12992]
  0x0000022b8fc2e150 ConcurrentGCThread "G1 Service" [stack: 0x000000409df00000,0x000000409e000000] [id=16852]

Threads with active compile tasks:
C2 CompilerThread2     1513 1720       4       jdk.internal.org.objectweb.asm.Frame::execute (2305 bytes)

VM state: not at safepoint (normal execution)

VM Mutex/Monitor currently owned by a thread: None

Heap address: 0x0000000702400000, size: 4060 MB, Compressed Oops mode: Zero based, Oop shift amount: 3

CDS archive(s) mapped at: [0x0000000800000000-0x0000000800bd0000-0x0000000800bd0000), size 12386304, SharedBaseAddress: 0x0000000800000000, ArchiveRelocationMode: 0.
Compressed class space mapped at: 0x0000000800c00000-0x0000000840c00000, reserved size: 1073741824
Narrow klass base: 0x0000000800000000, Narrow klass shift: 0, Narrow klass range: 0x100000000

GC Precious Log:
 CPUs: 12 total, 12 available
 Memory: 16233M
 Large Page Support: Disabled
 NUMA Support: Disabled
 Compressed Oops: Enabled (Zero based)
 Heap Region Size: 2M
 Heap Min Capacity: 8M
 Heap Initial Capacity: 254M
 Heap Max Capacity: 4060M
 Pre-touch: Disabled
 Parallel Workers: 10
 Concurrent Workers: 3
 Concurrent Refinement Workers: 10
 Periodic GC: Disabled

Heap:
 garbage-first heap   total 260096K, used 25296K [0x0000000702400000, 0x0000000800000000)
  region size 2048K, 12 young (24576K), 2 survivors (4096K)
 Metaspace       used 17765K, committed 18048K, reserved 1064960K
  class space    used 2264K, committed 2432K, reserved 1048576K

Heap Regions: E=young(eden), S=young(survivor), O=old, HS=humongous(starts), HC=humongous(continues), CS=collection set, F=free, OA=open archive, CA=closed archive, TAMS=top-at-mark-start (previous, next)
|   0|0x0000000702400000, 0x0000000702600000, 0x0000000702600000|100%| O|  |TAMS 0x0000000702400000, 0x0000000702400000| Untracked 
|   1|0x0000000702600000, 0x0000000702800000, 0x0000000702800000|100%| O|  |TAMS 0x0000000702600000, 0x0000000702600000| Untracked 
|   2|0x0000000702800000, 0x000000070286ec00, 0x0000000702a00000| 21%| O|  |TAMS 0x0000000702800000, 0x0000000702800000| Untracked 
|   3|0x0000000702a00000, 0x0000000702a00000, 0x0000000702c00000|  0%| F|  |TAMS 0x0000000702a00000, 0x0000000702a00000| Untracked 
|   4|0x0000000702c00000, 0x0000000702c00000, 0x0000000702e00000|  0%| F|  |TAMS 0x0000000702c00000, 0x0000000702c00000| Untracked 
|   5|0x0000000702e00000, 0x0000000702e00000, 0x0000000703000000|  0%| F|  |TAMS 0x0000000702e00000, 0x0000000702e00000| Untracked 
|   6|0x0000000703000000, 0x0000000703000000, 0x0000000703200000|  0%| F|  |TAMS 0x0000000703000000, 0x0000000703000000| Untracked 
|   7|0x0000000703200000, 0x0000000703200000, 0x0000000703400000|  0%| F|  |TAMS 0x0000000703200000, 0x0000000703200000| Untracked 
|   8|0x0000000703400000, 0x0000000703400000, 0x0000000703600000|  0%| F|  |TAMS 0x0000000703400000, 0x0000000703400000| Untracked 
|   9|0x0000000703600000, 0x0000000703600000, 0x0000000703800000|  0%| F|  |TAMS 0x0000000703600000, 0x0000000703600000| Untracked 
|  10|0x0000000703800000, 0x0000000703800000, 0x0000000703a00000|  0%| F|  |TAMS 0x0000000703800000, 0x0000000703800000| Untracked 
|  11|0x0000000703a00000, 0x0000000703a00000, 0x0000000703c00000|  0%| F|  |TAMS 0x0000000703a00000, 0x0000000703a00000| Untracked 
|  12|0x0000000703c00000, 0x0000000703c00000, 0x0000000703e00000|  0%| F|  |TAMS 0x0000000703c00000, 0x0000000703c00000| Untracked 
|  13|0x0000000703e00000, 0x0000000703e00000, 0x0000000704000000|  0%| F|  |TAMS 0x0000000703e00000, 0x0000000703e00000| Untracked 
|  14|0x0000000704000000, 0x0000000704000000, 0x0000000704200000|  0%| F|  |TAMS 0x0000000704000000, 0x0000000704000000| Untracked 
|  15|0x0000000704200000, 0x0000000704200000, 0x0000000704400000|  0%| F|  |TAMS 0x0000000704200000, 0x0000000704200000| Untracked 
|  16|0x0000000704400000, 0x0000000704400000, 0x0000000704600000|  0%| F|  |TAMS 0x0000000704400000, 0x0000000704400000| Untracked 
|  17|0x0000000704600000, 0x0000000704600000, 0x0000000704800000|  0%| F|  |TAMS 0x0000000704600000, 0x0000000704600000| Untracked 
|  18|0x0000000704800000, 0x0000000704800000, 0x0000000704a00000|  0%| F|  |TAMS 0x0000000704800000, 0x0000000704800000| Untracked 
|  19|0x0000000704a00000, 0x0000000704a00000, 0x0000000704c00000|  0%| F|  |TAMS 0x0000000704a00000, 0x0000000704a00000| Untracked 
|  20|0x0000000704c00000, 0x0000000704c00000, 0x0000000704e00000|  0%| F|  |TAMS 0x0000000704c00000, 0x0000000704c00000| Untracked 
|  21|0x0000000704e00000, 0x0000000704e00000, 0x0000000705000000|  0%| F|  |TAMS 0x0000000704e00000, 0x0000000704e00000| Untracked 
|  22|0x0000000705000000, 0x0000000705000000, 0x0000000705200000|  0%| F|  |TAMS 0x0000000705000000, 0x0000000705000000| Untracked 
|  23|0x0000000705200000, 0x0000000705200000, 0x0000000705400000|  0%| F|  |TAMS 0x0000000705200000, 0x0000000705200000| Untracked 
|  24|0x0000000705400000, 0x0000000705400000, 0x0000000705600000|  0%| F|  |TAMS 0x0000000705400000, 0x0000000705400000| Untracked 
|  25|0x0000000705600000, 0x0000000705600000, 0x0000000705800000|  0%| F|  |TAMS 0x0000000705600000, 0x0000000705600000| Untracked 
|  26|0x0000000705800000, 0x0000000705800000, 0x0000000705a00000|  0%| F|  |TAMS 0x0000000705800000, 0x0000000705800000| Untracked 
|  27|0x0000000705a00000, 0x0000000705a00000, 0x0000000705c00000|  0%| F|  |TAMS 0x0000000705a00000, 0x0000000705a00000| Untracked 
|  28|0x0000000705c00000, 0x0000000705c00000, 0x0000000705e00000|  0%| F|  |TAMS 0x0000000705c00000, 0x0000000705c00000| Untracked 
|  29|0x0000000705e00000, 0x0000000705e00000, 0x0000000706000000|  0%| F|  |TAMS 0x0000000705e00000, 0x0000000705e00000| Untracked 
|  30|0x0000000706000000, 0x0000000706000000, 0x0000000706200000|  0%| F|  |TAMS 0x0000000706000000, 0x0000000706000000| Untracked 
|  31|0x0000000706200000, 0x0000000706200000, 0x0000000706400000|  0%| F|  |TAMS 0x0000000706200000, 0x0000000706200000| Untracked 
|  32|0x0000000706400000, 0x0000000706400000, 0x0000000706600000|  0%| F|  |TAMS 0x0000000706400000, 0x0000000706400000| Untracked 
|  33|0x0000000706600000, 0x0000000706600000, 0x0000000706800000|  0%| F|  |TAMS 0x0000000706600000, 0x0000000706600000| Untracked 
|  34|0x0000000706800000, 0x0000000706800000, 0x0000000706a00000|  0%| F|  |TAMS 0x0000000706800000, 0x0000000706800000| Untracked 
|  35|0x0000000706a00000, 0x0000000706a00000, 0x0000000706c00000|  0%| F|  |TAMS 0x0000000706a00000, 0x0000000706a00000| Untracked 
|  36|0x0000000706c00000, 0x0000000706c00000, 0x0000000706e00000|  0%| F|  |TAMS 0x0000000706c00000, 0x0000000706c00000| Untracked 
|  37|0x0000000706e00000, 0x0000000706e00000, 0x0000000707000000|  0%| F|  |TAMS 0x0000000706e00000, 0x0000000706e00000| Untracked 
|  38|0x0000000707000000, 0x0000000707000000, 0x0000000707200000|  0%| F|  |TAMS 0x0000000707000000, 0x0000000707000000| Untracked 
|  39|0x0000000707200000, 0x0000000707200000, 0x0000000707400000|  0%| F|  |TAMS 0x0000000707200000, 0x0000000707200000| Untracked 
|  40|0x0000000707400000, 0x0000000707400000, 0x0000000707600000|  0%| F|  |TAMS 0x0000000707400000, 0x0000000707400000| Untracked 
|  41|0x0000000707600000, 0x0000000707600000, 0x0000000707800000|  0%| F|  |TAMS 0x0000000707600000, 0x0000000707600000| Untracked 
|  42|0x0000000707800000, 0x0000000707800000, 0x0000000707a00000|  0%| F|  |TAMS 0x0000000707800000, 0x0000000707800000| Untracked 
|  43|0x0000000707a00000, 0x0000000707a00000, 0x0000000707c00000|  0%| F|  |TAMS 0x0000000707a00000, 0x0000000707a00000| Untracked 
|  44|0x0000000707c00000, 0x0000000707c00000, 0x0000000707e00000|  0%| F|  |TAMS 0x0000000707c00000, 0x0000000707c00000| Untracked 
|  45|0x0000000707e00000, 0x0000000707e00000, 0x0000000708000000|  0%| F|  |TAMS 0x0000000707e00000, 0x0000000707e00000| Untracked 
|  46|0x0000000708000000, 0x0000000708000000, 0x0000000708200000|  0%| F|  |TAMS 0x0000000708000000, 0x0000000708000000| Untracked 
|  47|0x0000000708200000, 0x0000000708200000, 0x0000000708400000|  0%| F|  |TAMS 0x0000000708200000, 0x0000000708200000| Untracked 
|  48|0x0000000708400000, 0x0000000708400000, 0x0000000708600000|  0%| F|  |TAMS 0x0000000708400000, 0x0000000708400000| Untracked 
|  49|0x0000000708600000, 0x0000000708600000, 0x0000000708800000|  0%| F|  |TAMS 0x0000000708600000, 0x0000000708600000| Untracked 
|  50|0x0000000708800000, 0x0000000708800000, 0x0000000708a00000|  0%| F|  |TAMS 0x0000000708800000, 0x0000000708800000| Untracked 
|  51|0x0000000708a00000, 0x0000000708a00000, 0x0000000708c00000|  0%| F|  |TAMS 0x0000000708a00000, 0x0000000708a00000| Untracked 
|  52|0x0000000708c00000, 0x0000000708c00000, 0x0000000708e00000|  0%| F|  |TAMS 0x0000000708c00000, 0x0000000708c00000| Untracked 
|  53|0x0000000708e00000, 0x0000000708e00000, 0x0000000709000000|  0%| F|  |TAMS 0x0000000708e00000, 0x0000000708e00000| Untracked 
|  54|0x0000000709000000, 0x0000000709000000, 0x0000000709200000|  0%| F|  |TAMS 0x0000000709000000, 0x0000000709000000| Untracked 
|  55|0x0000000709200000, 0x0000000709200000, 0x0000000709400000|  0%| F|  |TAMS 0x0000000709200000, 0x0000000709200000| Untracked 
|  56|0x0000000709400000, 0x0000000709400000, 0x0000000709600000|  0%| F|  |TAMS 0x0000000709400000, 0x0000000709400000| Untracked 
|  57|0x0000000709600000, 0x0000000709600000, 0x0000000709800000|  0%| F|  |TAMS 0x0000000709600000, 0x0000000709600000| Untracked 
|  58|0x0000000709800000, 0x0000000709800000, 0x0000000709a00000|  0%| F|  |TAMS 0x0000000709800000, 0x0000000709800000| Untracked 
|  59|0x0000000709a00000, 0x0000000709a00000, 0x0000000709c00000|  0%| F|  |TAMS 0x0000000709a00000, 0x0000000709a00000| Untracked 
|  60|0x0000000709c00000, 0x0000000709c00000, 0x0000000709e00000|  0%| F|  |TAMS 0x0000000709c00000, 0x0000000709c00000| Untracked 
|  61|0x0000000709e00000, 0x0000000709e00000, 0x000000070a000000|  0%| F|  |TAMS 0x0000000709e00000, 0x0000000709e00000| Untracked 
|  62|0x000000070a000000, 0x000000070a000000, 0x000000070a200000|  0%| F|  |TAMS 0x000000070a000000, 0x000000070a000000| Untracked 
|  63|0x000000070a200000, 0x000000070a200000, 0x000000070a400000|  0%| F|  |TAMS 0x000000070a200000, 0x000000070a200000| Untracked 
|  64|0x000000070a400000, 0x000000070a400000, 0x000000070a600000|  0%| F|  |TAMS 0x000000070a400000, 0x000000070a400000| Untracked 
|  65|0x000000070a600000, 0x000000070a600000, 0x000000070a800000|  0%| F|  |TAMS 0x000000070a600000, 0x000000070a600000| Untracked 
|  66|0x000000070a800000, 0x000000070a800000, 0x000000070aa00000|  0%| F|  |TAMS 0x000000070a800000, 0x000000070a800000| Untracked 
|  67|0x000000070aa00000, 0x000000070aa00000, 0x000000070ac00000|  0%| F|  |TAMS 0x000000070aa00000, 0x000000070aa00000| Untracked 
|  68|0x000000070ac00000, 0x000000070ac00000, 0x000000070ae00000|  0%| F|  |TAMS 0x000000070ac00000, 0x000000070ac00000| Untracked 
|  69|0x000000070ae00000, 0x000000070ae00000, 0x000000070b000000|  0%| F|  |TAMS 0x000000070ae00000, 0x000000070ae00000| Untracked 
|  70|0x000000070b000000, 0x000000070b000000, 0x000000070b200000|  0%| F|  |TAMS 0x000000070b000000, 0x000000070b000000| Untracked 
|  71|0x000000070b200000, 0x000000070b200000, 0x000000070b400000|  0%| F|  |TAMS 0x000000070b200000, 0x000000070b200000| Untracked 
|  72|0x000000070b400000, 0x000000070b400000, 0x000000070b600000|  0%| F|  |TAMS 0x000000070b400000, 0x000000070b400000| Untracked 
|  73|0x000000070b600000, 0x000000070b600000, 0x000000070b800000|  0%| F|  |TAMS 0x000000070b600000, 0x000000070b600000| Untracked 
|  74|0x000000070b800000, 0x000000070b800000, 0x000000070ba00000|  0%| F|  |TAMS 0x000000070b800000, 0x000000070b800000| Untracked 
|  75|0x000000070ba00000, 0x000000070ba00000, 0x000000070bc00000|  0%| F|  |TAMS 0x000000070ba00000, 0x000000070ba00000| Untracked 
|  76|0x000000070bc00000, 0x000000070bc00000, 0x000000070be00000|  0%| F|  |TAMS 0x000000070bc00000, 0x000000070bc00000| Untracked 
|  77|0x000000070be00000, 0x000000070be00000, 0x000000070c000000|  0%| F|  |TAMS 0x000000070be00000, 0x000000070be00000| Untracked 
|  78|0x000000070c000000, 0x000000070c000000, 0x000000070c200000|  0%| F|  |TAMS 0x000000070c000000, 0x000000070c000000| Untracked 
|  79|0x000000070c200000, 0x000000070c200000, 0x000000070c400000|  0%| F|  |TAMS 0x000000070c200000, 0x000000070c200000| Untracked 
|  80|0x000000070c400000, 0x000000070c400000, 0x000000070c600000|  0%| F|  |TAMS 0x000000070c400000, 0x000000070c400000| Untracked 
|  81|0x000000070c600000, 0x000000070c600000, 0x000000070c800000|  0%| F|  |TAMS 0x000000070c600000, 0x000000070c600000| Untracked 
|  82|0x000000070c800000, 0x000000070c800000, 0x000000070ca00000|  0%| F|  |TAMS 0x000000070c800000, 0x000000070c800000| Untracked 
|  83|0x000000070ca00000, 0x000000070ca00000, 0x000000070cc00000|  0%| F|  |TAMS 0x000000070ca00000, 0x000000070ca00000| Untracked 
|  84|0x000000070cc00000, 0x000000070cc00000, 0x000000070ce00000|  0%| F|  |TAMS 0x000000070cc00000, 0x000000070cc00000| Untracked 
|  85|0x000000070ce00000, 0x000000070ce00000, 0x000000070d000000|  0%| F|  |TAMS 0x000000070ce00000, 0x000000070ce00000| Untracked 
|  86|0x000000070d000000, 0x000000070d000000, 0x000000070d200000|  0%| F|  |TAMS 0x000000070d000000, 0x000000070d000000| Untracked 
|  87|0x000000070d200000, 0x000000070d200000, 0x000000070d400000|  0%| F|  |TAMS 0x000000070d200000, 0x000000070d200000| Untracked 
|  88|0x000000070d400000, 0x000000070d400000, 0x000000070d600000|  0%| F|  |TAMS 0x000000070d400000, 0x000000070d400000| Untracked 
|  89|0x000000070d600000, 0x000000070d600000, 0x000000070d800000|  0%| F|  |TAMS 0x000000070d600000, 0x000000070d600000| Untracked 
|  90|0x000000070d800000, 0x000000070d800000, 0x000000070da00000|  0%| F|  |TAMS 0x000000070d800000, 0x000000070d800000| Untracked 
|  91|0x000000070da00000, 0x000000070da00000, 0x000000070dc00000|  0%| F|  |TAMS 0x000000070da00000, 0x000000070da00000| Untracked 
|  92|0x000000070dc00000, 0x000000070dc00000, 0x000000070de00000|  0%| F|  |TAMS 0x000000070dc00000, 0x000000070dc00000| Untracked 
|  93|0x000000070de00000, 0x000000070de00000, 0x000000070e000000|  0%| F|  |TAMS 0x000000070de00000, 0x000000070de00000| Untracked 
|  94|0x000000070e000000, 0x000000070e000000, 0x000000070e200000|  0%| F|  |TAMS 0x000000070e000000, 0x000000070e000000| Untracked 
|  95|0x000000070e200000, 0x000000070e200000, 0x000000070e400000|  0%| F|  |TAMS 0x000000070e200000, 0x000000070e200000| Untracked 
|  96|0x000000070e400000, 0x000000070e400000, 0x000000070e600000|  0%| F|  |TAMS 0x000000070e400000, 0x000000070e400000| Untracked 
|  97|0x000000070e600000, 0x000000070e600000, 0x000000070e800000|  0%| F|  |TAMS 0x000000070e600000, 0x000000070e600000| Untracked 
|  98|0x000000070e800000, 0x000000070e800000, 0x000000070ea00000|  0%| F|  |TAMS 0x000000070e800000, 0x000000070e800000| Untracked 
|  99|0x000000070ea00000, 0x000000070ea00000, 0x000000070ec00000|  0%| F|  |TAMS 0x000000070ea00000, 0x000000070ea00000| Untracked 
| 100|0x000000070ec00000, 0x000000070ec00000, 0x000000070ee00000|  0%| F|  |TAMS 0x000000070ec00000, 0x000000070ec00000| Untracked 
| 101|0x000000070ee00000, 0x000000070ee00000, 0x000000070f000000|  0%| F|  |TAMS 0x000000070ee00000, 0x000000070ee00000| Untracked 
| 102|0x000000070f000000, 0x000000070f000000, 0x000000070f200000|  0%| F|  |TAMS 0x000000070f000000, 0x000000070f000000| Untracked 
| 103|0x000000070f200000, 0x000000070f200000, 0x000000070f400000|  0%| F|  |TAMS 0x000000070f200000, 0x000000070f200000| Untracked 
| 104|0x000000070f400000, 0x000000070f400000, 0x000000070f600000|  0%| F|  |TAMS 0x000000070f400000, 0x000000070f400000| Untracked 
| 105|0x000000070f600000, 0x000000070f600000, 0x000000070f800000|  0%| F|  |TAMS 0x000000070f600000, 0x000000070f600000| Untracked 
| 106|0x000000070f800000, 0x000000070f800000, 0x000000070fa00000|  0%| F|  |TAMS 0x000000070f800000, 0x000000070f800000| Untracked 
| 107|0x000000070fa00000, 0x000000070fa00000, 0x000000070fc00000|  0%| F|  |TAMS 0x000000070fa00000, 0x000000070fa00000| Untracked 
| 108|0x000000070fc00000, 0x000000070fc456f0, 0x000000070fe00000| 13%| S|CS|TAMS 0x000000070fc00000, 0x000000070fc00000| Complete 
| 109|0x000000070fe00000, 0x0000000710000000, 0x0000000710000000|100%| S|CS|TAMS 0x000000070fe00000, 0x000000070fe00000| Complete 
| 110|0x0000000710000000, 0x0000000710000000, 0x0000000710200000|  0%| F|  |TAMS 0x0000000710000000, 0x0000000710000000| Untracked 
| 111|0x0000000710200000, 0x0000000710200000, 0x0000000710400000|  0%| F|  |TAMS 0x0000000710200000, 0x0000000710200000| Untracked 
| 112|0x0000000710400000, 0x0000000710400000, 0x0000000710600000|  0%| F|  |TAMS 0x0000000710400000, 0x0000000710400000| Untracked 
| 113|0x0000000710600000, 0x0000000710600000, 0x0000000710800000|  0%| F|  |TAMS 0x0000000710600000, 0x0000000710600000| Untracked 
| 114|0x0000000710800000, 0x0000000710800000, 0x0000000710a00000|  0%| F|  |TAMS 0x0000000710800000, 0x0000000710800000| Untracked 
| 115|0x0000000710a00000, 0x0000000710a00000, 0x0000000710c00000|  0%| F|  |TAMS 0x0000000710a00000, 0x0000000710a00000| Untracked 
| 116|0x0000000710c00000, 0x0000000710c00000, 0x0000000710e00000|  0%| F|  |TAMS 0x0000000710c00000, 0x0000000710c00000| Untracked 
| 117|0x0000000710e00000, 0x0000000711000000, 0x0000000711000000|100%| E|  |TAMS 0x0000000710e00000, 0x0000000710e00000| Complete 
| 118|0x0000000711000000, 0x0000000711200000, 0x0000000711200000|100%| E|CS|TAMS 0x0000000711000000, 0x0000000711000000| Complete 
| 119|0x0000000711200000, 0x0000000711400000, 0x0000000711400000|100%| E|CS|TAMS 0x0000000711200000, 0x0000000711200000| Complete 
| 120|0x0000000711400000, 0x0000000711600000, 0x0000000711600000|100%| E|CS|TAMS 0x0000000711400000, 0x0000000711400000| Complete 
| 121|0x0000000711600000, 0x0000000711800000, 0x0000000711800000|100%| E|CS|TAMS 0x0000000711600000, 0x0000000711600000| Complete 
| 122|0x0000000711800000, 0x0000000711a00000, 0x0000000711a00000|100%| E|CS|TAMS 0x0000000711800000, 0x0000000711800000| Complete 
| 123|0x0000000711a00000, 0x0000000711c00000, 0x0000000711c00000|100%| E|CS|TAMS 0x0000000711a00000, 0x0000000711a00000| Complete 
| 124|0x0000000711c00000, 0x0000000711e00000, 0x0000000711e00000|100%| E|CS|TAMS 0x0000000711c00000, 0x0000000711c00000| Complete 
| 125|0x0000000711e00000, 0x0000000712000000, 0x0000000712000000|100%| E|CS|TAMS 0x0000000711e00000, 0x0000000711e00000| Complete 
| 126|0x0000000712000000, 0x0000000712200000, 0x0000000712200000|100%| E|CS|TAMS 0x0000000712000000, 0x0000000712000000| Complete 

Card table byte_map: [0x0000022ba7110000,0x0000022ba7900000] _byte_map_base: 0x0000022ba38fe000

Marking Bits (Prev, Next): (CMBitMap*) 0x0000022b8fbc3b50, (CMBitMap*) 0x0000022b8fbc3b90
 Prev Bits: [0x0000022ba80f0000, 0x0000022bac060000)
 Next Bits: [0x0000022bac060000, 0x0000022baffd0000)

Polling page: 0x0000022b8f330000

Metaspace:

Usage:
  Non-class:     15.14 MB used.
      Class:      2.21 MB used.
       Both:     17.36 MB used.

Virtual space:
  Non-class space:       16.00 MB reserved,      15.31 MB ( 96%) committed,  2 nodes.
      Class space:        1.00 GB reserved,       2.38 MB ( <1%) committed,  1 nodes.
             Both:        1.02 GB reserved,      17.69 MB (  2%) committed. 

Chunk freelists:
   Non-Class:  48.00 KB
       Class:  1.67 MB
        Both:  1.72 MB

MaxMetaspaceSize: unlimited
CompressedClassSpaceSize: 1.00 GB
Initial GC threshold: 21.00 MB
Current GC threshold: 21.00 MB
CDS: on
MetaspaceReclaimPolicy: balanced
 - commit_granule_bytes: 65536.
 - commit_granule_words: 8192.
 - virtual_space_node_default_size: 1048576.
 - enlarge_chunks_in_place: 1.
 - new_chunks_are_fully_committed: 0.
 - uncommit_free_chunks: 1.
 - use_allocation_guard: 0.
 - handle_deallocations: 1.


Internal statistics:

num_allocs_failed_limit: 0.
num_arena_births: 168.
num_arena_deaths: 0.
num_vsnodes_births: 3.
num_vsnodes_deaths: 0.
num_space_committed: 283.
num_space_uncommitted: 0.
num_chunks_returned_to_freelist: 0.
num_chunks_taken_from_freelist: 812.
num_chunk_merges: 0.
num_chunk_splits: 521.
num_chunks_enlarged: 393.
num_purges: 0.
num_inconsistent_stats: 0.

CodeHeap 'non-profiled nmethods': size=120000Kb used=841Kb max_used=841Kb free=119158Kb
 bounds [0x0000022b9eea0000, 0x0000022b9f110000, 0x0000022ba63d0000]
CodeHeap 'profiled nmethods': size=120000Kb used=4255Kb max_used=4255Kb free=115744Kb
 bounds [0x0000022b97970000, 0x0000022b97da0000, 0x0000022b9eea0000]
CodeHeap 'non-nmethods': size=5760Kb used=1177Kb max_used=1248Kb free=4582Kb
 bounds [0x0000022b973d0000, 0x0000022b97640000, 0x0000022b97970000]
 total_blobs=2691 nmethods=2221 adapters=382
 compilation: enabled
              stopped_count=0, restarted_count=0
 full_count=0

Compilation events (20 events):
Event: 1.451 Thread 0x0000022bb2ccc3a0 2105       3       java.util.stream.StreamOpFlag::isKnown (19 bytes)
Event: 1.451 Thread 0x0000022bb2ccc3a0 nmethod 2105 0x0000022b97d4c910 code [0x0000022b97d4caa0, 0x0000022b97d4cc18]
Event: 1.451 Thread 0x0000022bb2ccc3a0 2099       1       java.net.JarURLConnection::getEntryName (5 bytes)
Event: 1.451 Thread 0x0000022bb2ccc3a0 nmethod 2099 0x0000022b9ef6d310 code [0x0000022b9ef6d4a0, 0x0000022b9ef6d578]
Event: 1.452 Thread 0x0000022bb2ccc3a0 2106       3       java.net.URL::openConnection (9 bytes)
Event: 1.452 Thread 0x0000022bb2ccc3a0 nmethod 2106 0x0000022b97d4cc90 code [0x0000022b97d4ce40, 0x0000022b97d4d028]
Event: 1.452 Thread 0x0000022bb2ccc3a0 2107       3       java.net.URLConnection::<init> (62 bytes)
Event: 1.452 Thread 0x0000022bb2ccc3a0 nmethod 2107 0x0000022b97d4d110 code [0x0000022b97d4d320, 0x0000022b97d4da28]
Event: 1.453 Thread 0x0000022bb2ccc3a0 2108       3       java.net.URLConnection::getDefaultUseCaches (30 bytes)
Event: 1.453 Thread 0x0000022bb2ccc3a0 nmethod 2108 0x0000022b97d4dc90 code [0x0000022b97d4de80, 0x0000022b97d4e368]
Event: 1.453 Thread 0x0000022bb2ccc3a0 2109       3       java.util.stream.ReferencePipeline::map (26 bytes)
Event: 1.453 Thread 0x0000022bb2ccc3a0 nmethod 2109 0x0000022b97d4e510 code [0x0000022b97d4e700, 0x0000022b97d4ec38]
Event: 1.453 Thread 0x0000022bb2ccc3a0 2110       3       org.springframework.util.LinkedMultiValueMap$$Lambda$28/0x0000000800c1ac80::apply (5 bytes)
Event: 1.453 Thread 0x0000022bb2ccc3a0 nmethod 2110 0x0000022b97d4ee90 code [0x0000022b97d4f060, 0x0000022b97d4f418]
Event: 1.454 Thread 0x0000022bb2ccc3a0 2111       1       java.util.zip.ZipFile$ZipFileInputStream::size (5 bytes)
Event: 1.454 Thread 0x0000022bb2ccc3a0 nmethod 2111 0x0000022b9ef6d610 code [0x0000022b9ef6d7a0, 0x0000022b9ef6d878]
Event: 1.454 Thread 0x0000022bb2ccb9f0 2112       4       java.util.concurrent.ConcurrentHashMap$KeyIterator::next (34 bytes)
Event: 1.454 Thread 0x0000022bb2ccc3a0 2113       3       org.springframework.core.annotation.MergedAnnotationsCollection$AnnotationsSpliterator::createMergedAnnotationIfPossible (54 bytes)
Event: 1.455 Thread 0x0000022bb2ccc3a0 nmethod 2113 0x0000022b97d4f590 code [0x0000022b97d4f780, 0x0000022b97d4fc78]
Event: 1.455 Thread 0x0000022bb2ccc3a0 2114       3       jdk.internal.reflect.ClassFileAssembler::emitConstantPoolNameAndType (28 bytes)

GC Heap History (4 events):
Event: 0.707 GC heap before
{Heap before GC invocations=0 (full 0):
 garbage-first heap   total 260096K, used 22528K [0x0000000702400000, 0x0000000800000000)
  region size 2048K, 11 young (22528K), 0 survivors (0K)
 Metaspace       used 6907K, committed 7040K, reserved 1056768K
  class space    used 818K, committed 896K, reserved 1048576K
}
Event: 0.711 GC heap after
{Heap after GC invocations=1 (full 0):
 garbage-first heap   total 260096K, used 4623K [0x0000000702400000, 0x0000000800000000)
  region size 2048K, 2 young (4096K), 2 survivors (4096K)
 Metaspace       used 6907K, committed 7040K, reserved 1056768K
  class space    used 818K, committed 896K, reserved 1048576K
}
Event: 1.127 GC heap before
{Heap before GC invocations=1 (full 0):
 garbage-first heap   total 260096K, used 35343K [0x0000000702400000, 0x0000000800000000)
  region size 2048K, 17 young (34816K), 2 survivors (4096K)
 Metaspace       used 15062K, committed 15296K, reserved 1064960K
  class space    used 1913K, committed 1984K, reserved 1048576K
}
Event: 1.132 GC heap after
{Heap after GC invocations=2 (full 0):
 garbage-first heap   total 260096K, used 6864K [0x0000000702400000, 0x0000000800000000)
  region size 2048K, 2 young (4096K), 2 survivors (4096K)
 Metaspace       used 15062K, committed 15296K, reserved 1064960K
  class space    used 1913K, committed 1984K, reserved 1048576K
}

Deoptimization events (20 events):
Event: 1.296 Thread 0x0000022b8fb59700 DEOPT PACKING pc=0x0000022b97c94198 sp=0x000000409dafdd10
Event: 1.296 Thread 0x0000022b8fb59700 DEOPT UNPACKING pc=0x0000022b97422b43 sp=0x000000409dafd218 mode 0
Event: 1.305 Thread 0x0000022b8fb59700 Uncommon trap: trap_request=0xffffffc6 fr.pc=0x0000022b9ef48b84 relative=0x0000000000001064
Event: 1.305 Thread 0x0000022b8fb59700 Uncommon trap: reason=bimorphic_or_optimized_type_check action=maybe_recompile pc=0x0000022b9ef48b84 method=java.util.HashMap.putVal(ILjava/lang/Object;Ljava/lang/Object;ZZ)Ljava/lang/Object; @ 91 c2
Event: 1.305 Thread 0x0000022b8fb59700 DEOPT PACKING pc=0x0000022b9ef48b84 sp=0x000000409dafe4c0
Event: 1.305 Thread 0x0000022b8fb59700 DEOPT UNPACKING pc=0x0000022b974223a3 sp=0x000000409dafe450 mode 2
Event: 1.313 Thread 0x0000022b8fb59700 Uncommon trap: trap_request=0xffffffc6 fr.pc=0x0000022b9ef48bf4 relative=0x00000000000010d4
Event: 1.313 Thread 0x0000022b8fb59700 Uncommon trap: reason=bimorphic_or_optimized_type_check action=maybe_recompile pc=0x0000022b9ef48bf4 method=java.util.HashMap.putVal(ILjava/lang/Object;Ljava/lang/Object;ZZ)Ljava/lang/Object; @ 203 c2
Event: 1.313 Thread 0x0000022b8fb59700 DEOPT PACKING pc=0x0000022b9ef48bf4 sp=0x000000409dafe4c0
Event: 1.314 Thread 0x0000022b8fb59700 DEOPT UNPACKING pc=0x0000022b974223a3 sp=0x000000409dafe450 mode 2
Event: 1.320 Thread 0x0000022b8fb59700 Uncommon trap: trap_request=0xffffffc6 fr.pc=0x0000022b9ef48b84 relative=0x0000000000001064
Event: 1.320 Thread 0x0000022b8fb59700 Uncommon trap: reason=bimorphic_or_optimized_type_check action=maybe_recompile pc=0x0000022b9ef48b84 method=java.util.HashMap.putVal(ILjava/lang/Object;Ljava/lang/Object;ZZ)Ljava/lang/Object; @ 91 c2
Event: 1.320 Thread 0x0000022b8fb59700 DEOPT PACKING pc=0x0000022b9ef48b84 sp=0x000000409dafe2e0
Event: 1.320 Thread 0x0000022b8fb59700 DEOPT UNPACKING pc=0x0000022b974223a3 sp=0x000000409dafe270 mode 2
Event: 1.333 Thread 0x0000022b8fb59700 Uncommon trap: trap_request=0xffffffc6 fr.pc=0x0000022b9ef48b84 relative=0x0000000000001064
Event: 1.333 Thread 0x0000022b8fb59700 Uncommon trap: reason=bimorphic_or_optimized_type_check action=maybe_recompile pc=0x0000022b9ef48b84 method=java.util.HashMap.putVal(ILjava/lang/Object;Ljava/lang/Object;ZZ)Ljava/lang/Object; @ 91 c2
Event: 1.333 Thread 0x0000022b8fb59700 DEOPT PACKING pc=0x0000022b9ef48b84 sp=0x000000409dafe300
Event: 1.333 Thread 0x0000022b8fb59700 DEOPT UNPACKING pc=0x0000022b974223a3 sp=0x000000409dafe290 mode 2
Event: 1.421 Thread 0x0000022b8fb59700 DEOPT PACKING pc=0x0000022b97c94198 sp=0x000000409dafdc90
Event: 1.421 Thread 0x0000022b8fb59700 DEOPT UNPACKING pc=0x0000022b97422b43 sp=0x000000409dafd198 mode 0

Classes unloaded (0 events):
No events

Classes redefined (0 events):
No events

Internal exceptions (20 events):
Event: 1.102 Thread 0x0000022b8fb59700 Exception <a 'java/lang/ClassNotFoundException'{0x000000071022cc80}: org/springframework/context/annotation/ConfigurationClassPostProcessorCustomizer> (0x000000071022cc80) 
thrown [s\open\src\hotspot\share\classfile\systemDictionary.cpp, line 256]
Event: 1.111 Thread 0x0000022b8fb59700 Exception <a 'java/lang/ClassNotFoundException'{0x0000000710277410}: org/springframework/beans/factory/support/BeanDefinitionRegistryPostProcessorCustomizer> (0x0000000710277410) 
thrown [s\open\src\hotspot\share\classfile\systemDictionary.cpp, line 256]
Event: 1.111 Thread 0x0000022b8fb59700 Exception <a 'java/lang/ClassNotFoundException'{0x000000071027af60}: org/springframework/beans/factory/config/BeanFactoryPostProcessorCustomizer> (0x000000071027af60) 
thrown [s\open\src\hotspot\share\classfile\systemDictionary.cpp, line 256]
Event: 1.111 Thread 0x0000022b8fb59700 Exception <a 'java/lang/ClassNotFoundException'{0x000000071027eb38}: org/springframework/core/PriorityOrderedCustomizer> (0x000000071027eb38) 
thrown [s\open\src\hotspot\share\classfile\systemDictionary.cpp, line 256]
Event: 1.112 Thread 0x0000022b8fb59700 Exception <a 'java/lang/ClassNotFoundException'{0x0000000710281448}: org/springframework/core/OrderedCustomizer> (0x0000000710281448) 
thrown [s\open\src\hotspot\share\classfile\systemDictionary.cpp, line 256]
Event: 1.112 Thread 0x0000022b8fb59700 Exception <a 'java/lang/ClassNotFoundException'{0x0000000710284dd0}: org/springframework/context/ResourceLoaderAwareCustomizer> (0x0000000710284dd0) 
thrown [s\open\src\hotspot\share\classfile\systemDictionary.cpp, line 256]
Event: 1.113 Thread 0x0000022b8fb59700 Exception <a 'java/lang/ClassNotFoundException'{0x00000007100037a8}: org/springframework/beans/factory/AwareCustomizer> (0x00000007100037a8) 
thrown [s\open\src\hotspot\share\classfile\systemDictionary.cpp, line 256]
Event: 1.113 Thread 0x0000022b8fb59700 Exception <a 'java/lang/ClassNotFoundException'{0x0000000710006288}: org/springframework/beans/factory/BeanClassLoaderAwareCustomizer> (0x0000000710006288) 
thrown [s\open\src\hotspot\share\classfile\systemDictionary.cpp, line 256]
Event: 1.113 Thread 0x0000022b8fb59700 Exception <a 'java/lang/ClassNotFoundException'{0x0000000710009e40}: org/springframework/beans/factory/AwareCustomizer> (0x0000000710009e40) 
thrown [s\open\src\hotspot\share\classfile\systemDictionary.cpp, line 256]
Event: 1.113 Thread 0x0000022b8fb59700 Exception <a 'java/lang/ClassNotFoundException'{0x000000071000c760}: org/springframework/context/EnvironmentAwareCustomizer> (0x000000071000c760) 
thrown [s\open\src\hotspot\share\classfile\systemDictionary.cpp, line 256]
Event: 1.114 Thread 0x0000022b8fb59700 Exception <a 'java/lang/ClassNotFoundException'{0x0000000710010288}: org/springframework/beans/factory/AwareCustomizer> (0x0000000710010288) 
thrown [s\open\src\hotspot\share\classfile\systemDictionary.cpp, line 256]
Event: 1.144 Thread 0x0000022b8fb59700 Exception <a 'java/lang/NoSuchMethodError'{0x0000000712047e20}: 'java.lang.Object java.lang.invoke.Invokers$Holder.invokeExact_MT(java.lang.Object, java.lang.Object, java.lang.Object, java.lang.Object, java.lang.Object, java.lang.Object)'> (0x0000000712047e20) 
thrown [s\open\src\hotspot\share\interpreter\linkResolver.cpp, line 759]
Event: 1.178 Thread 0x0000022bb4094610 Exception <a 'java/lang/NoSuchMethodError'{0x0000000711c17288}: 'long java.lang.invoke.DirectMethodHandle$Holder.invokeSpecial(java.lang.Object, java.lang.Object)'> (0x0000000711c17288) 
thrown [s\open\src\hotspot\share\interpreter\linkResolver.cpp, line 759]
Event: 1.181 Thread 0x0000022bb4094610 Exception <a 'java/lang/NoSuchMethodError'{0x0000000711c224b0}: 'long java.lang.invoke.DirectMethodHandle$Holder.invokeStatic(java.lang.Object, java.lang.Object)'> (0x0000000711c224b0) 
thrown [s\open\src\hotspot\share\interpreter\linkResolver.cpp, line 759]
Event: 1.182 Thread 0x0000022bb4094610 Exception <a 'java/lang/NoSuchMethodError'{0x0000000711c25ab0}: 'long java.lang.invoke.DirectMethodHandle$Holder.invokeStaticInit(java.lang.Object, java.lang.Object)'> (0x0000000711c25ab0) 
thrown [s\open\src\hotspot\share\interpreter\linkResolver.cpp, line 759]
Event: 1.184 Thread 0x0000022bb4094610 Exception <a 'java/lang/NoSuchMethodError'{0x0000000711c33658}: 'long java.lang.invoke.DirectMethodHandle$Holder.invokeInterface(java.lang.Object, java.lang.Object)'> (0x0000000711c33658) 
thrown [s\open\src\hotspot\share\interpreter\linkResolver.cpp, line 759]
Event: 1.184 Thread 0x0000022bb4094610 Exception <a 'java/lang/IncompatibleClassChangeError'{0x0000000711c36be8}: Found class java.lang.Object, but interface was expected> (0x0000000711c36be8) 
thrown [s\open\src\hotspot\share\interpreter\linkResolver.cpp, line 826]
Event: 1.196 Thread 0x0000022bb4094610 Exception <a 'java/lang/NoSuchMethodError'{0x0000000711c9b950}: 'java.lang.Object java.lang.invoke.DirectMethodHandle$Holder.invokeVirtual(java.lang.Object, java.lang.Object, java.lang.Object, java.lang.Object)'> (0x0000000711c9b950) 
thrown [s\open\src\hotspot\share\interpreter\linkResolver.cpp, line 759]
Event: 1.266 Thread 0x0000022b8fb59700 Exception <a 'java/lang/IncompatibleClassChangeError'{0x00000007118bb000}: Found class java.lang.Object, but interface was expected> (0x00000007118bb000) 
thrown [s\open\src\hotspot\share\interpreter\linkResolver.cpp, line 826]
Event: 1.289 Thread 0x0000022b8fb59700 Exception <a 'java/lang/NoSuchMethodError'{0x00000007119a2680}: 'void java.lang.invoke.DirectMethodHandle$Holder.invokeInterface(java.lang.Object, java.lang.Object, java.lang.Object, java.lang.Object)'> (0x00000007119a2680) 
thrown [s\open\src\hotspot\share\interpreter\linkResolver.cpp, line 759]

VM Operations (20 events):
Event: 0.649 Executing VM operation: HandshakeAllThreads
Event: 0.649 Executing VM operation: HandshakeAllThreads done
Event: 0.707 Executing VM operation: G1CollectForAllocation
Event: 0.711 Executing VM operation: G1CollectForAllocation done
Event: 0.808 Executing VM operation: HandshakeAllThreads
Event: 0.808 Executing VM operation: HandshakeAllThreads done
Event: 0.830 Executing VM operation: HandshakeAllThreads
Event: 0.830 Executing VM operation: HandshakeAllThreads done
Event: 1.052 Executing VM operation: HandshakeAllThreads
Event: 1.052 Executing VM operation: HandshakeAllThreads done
Event: 1.101 Executing VM operation: HandshakeAllThreads
Event: 1.101 Executing VM operation: HandshakeAllThreads done
Event: 1.107 Executing VM operation: ICBufferFull
Event: 1.107 Executing VM operation: ICBufferFull done
Event: 1.127 Executing VM operation: G1CollectForAllocation
Event: 1.132 Executing VM operation: G1CollectForAllocation done
Event: 1.132 Executing VM operation: HandshakeAllThreads
Event: 1.132 Executing VM operation: HandshakeAllThreads done
Event: 1.433 Executing VM operation: ICBufferFull
Event: 1.433 Executing VM operation: ICBufferFull done

Events (20 events):
Event: 1.102 loading class java/beans/GenericBeanInfo done
Event: 1.103 loading class java/util/Hashtable$EntrySet
Event: 1.103 loading class java/util/Hashtable$EntrySet done
Event: 1.146 loading class java/util/regex/Pattern$LazyLoop
Event: 1.146 loading class java/util/regex/Pattern$Loop
Event: 1.147 loading class java/util/regex/Pattern$Loop done
Event: 1.147 loading class java/util/regex/Pattern$LazyLoop done
Event: 1.147 loading class java/util/regex/Pattern$Prolog
Event: 1.147 loading class java/util/regex/Pattern$Prolog done
Event: 1.147 loading class java/util/regex/Pattern$SliceS
Event: 1.147 loading class java/util/regex/Pattern$SliceS done
Event: 1.168 loading class java/time/DateTimeException
Event: 1.168 loading class java/time/DateTimeException done
Event: 1.201 Thread 0x0000022bb4094610 Thread exited: 0x0000022bb4094610
Event: 1.226 Thread 0x0000022bb4094610 Thread added: 0x0000022bb4094610
Event: 1.233 loading class javax/naming/ldap/LdapContext
Event: 1.234 loading class javax/naming/directory/DirContext
Event: 1.234 loading class javax/naming/directory/DirContext done
Event: 1.234 loading class javax/naming/ldap/LdapContext done
Event: 1.243 Thread 0x0000022bb4094610 Thread exited: 0x0000022bb4094610


Dynamic libraries:
0x00007ff635a00000 - 0x00007ff635a10000 	C:\Program Files\Java\jdk-17.0.5\bin\java.exe
0x00007ff8b6260000 - 0x00007ff8b6469000 	C:\WINDOWS\SYSTEM32\ntdll.dll
0x00007ff8b5370000 - 0x00007ff8b542e000 	C:\WINDOWS\System32\KERNEL32.DLL
0x00007ff8b38c0000 - 0x00007ff8b3c3b000 	C:\WINDOWS\System32\KERNELBASE.dll
0x00007ff8b37a0000 - 0x00007ff8b38b1000 	C:\WINDOWS\System32\ucrtbase.dll
0x00007ff8aca80000 - 0x00007ff8aca98000 	C:\Program Files\Java\jdk-17.0.5\bin\jli.dll
0x00007ff8ac240000 - 0x00007ff8ac25a000 	C:\Program Files\Java\jdk-17.0.5\bin\VCRUNTIME140.dll
0x00007ff8b4c90000 - 0x00007ff8b4d3e000 	C:\WINDOWS\System32\ADVAPI32.dll
0x00007ff8b5780000 - 0x00007ff8b5823000 	C:\WINDOWS\System32\msvcrt.dll
0x00007ff8b4f90000 - 0x00007ff8b502e000 	C:\WINDOWS\System32\sechost.dll
0x00007ff8b55f0000 - 0x00007ff8b5710000 	C:\WINDOWS\System32\RPCRT4.dll
0x00007ff8b4d40000 - 0x00007ff8b4eed000 	C:\WINDOWS\System32\USER32.dll
0x00007ff8b3f90000 - 0x00007ff8b3fb6000 	C:\WINDOWS\System32\win32u.dll
0x00007ff8b55c0000 - 0x00007ff8b55e9000 	C:\WINDOWS\System32\GDI32.dll
0x00007ff8b3fc0000 - 0x00007ff8b40d8000 	C:\WINDOWS\System32\gdi32full.dll
0x00007ff8b3d00000 - 0x00007ff8b3d9d000 	C:\WINDOWS\System32\msvcp_win.dll
0x00007ff89a7b0000 - 0x00007ff89aa55000 	C:\WINDOWS\WinSxS\amd64_microsoft.windows.common-controls_6595b64144ccf1df_6.0.22000.120_none_9d947278b86cc467\COMCTL32.dll
0x00007ff8ac360000 - 0x00007ff8ac36a000 	C:\WINDOWS\SYSTEM32\VERSION.dll
0x00007ff8b5fd0000 - 0x00007ff8b6002000 	C:\WINDOWS\System32\IMM32.DLL
0x00007ff8ac230000 - 0x00007ff8ac23c000 	C:\Program Files\Java\jdk-17.0.5\bin\vcruntime140_1.dll
0x00007ff895a70000 - 0x00007ff895afd000 	C:\Program Files\Java\jdk-17.0.5\bin\msvcp140.dll
0x00007ff860aa0000 - 0x00007ff861662000 	C:\Program Files\Java\jdk-17.0.5\bin\server\jvm.dll
0x00007ff8b4900000 - 0x00007ff8b4908000 	C:\WINDOWS\System32\PSAPI.DLL
0x00007ff8ac3c0000 - 0x00007ff8ac3f3000 	C:\WINDOWS\SYSTEM32\WINMM.dll
0x00007ff89ec20000 - 0x00007ff89ec29000 	C:\WINDOWS\SYSTEM32\WSOCK32.dll
0x00007ff8b60d0000 - 0x00007ff8b613f000 	C:\WINDOWS\System32\WS2_32.dll
0x00007ff8b2860000 - 0x00007ff8b2878000 	C:\WINDOWS\SYSTEM32\kernel.appcore.dll
0x00007ff8ac220000 - 0x00007ff8ac22a000 	C:\Program Files\Java\jdk-17.0.5\bin\jimage.dll
0x00007ff8b1100000 - 0x00007ff8b1321000 	C:\WINDOWS\SYSTEM32\DBGHELP.DLL
0x00007ff89dad0000 - 0x00007ff89db01000 	C:\WINDOWS\SYSTEM32\dbgcore.DLL
0x00007ff8b3da0000 - 0x00007ff8b3e1f000 	C:\WINDOWS\System32\bcryptPrimitives.dll
0x00007ff8a2f20000 - 0x00007ff8a2f2e000 	C:\Program Files\Java\jdk-17.0.5\bin\instrument.dll
0x00007ff8a2f50000 - 0x00007ff8a2f75000 	C:\Program Files\Java\jdk-17.0.5\bin\java.dll
0x00007ff88fb10000 - 0x00007ff88fbe6000 	C:\Program Files\Java\jdk-17.0.5\bin\jsvml.dll
0x00007ff8b40e0000 - 0x00007ff8b4898000 	C:\WINDOWS\System32\SHELL32.dll
0x00007ff8b17e0000 - 0x00007ff8b2045000 	C:\WINDOWS\SYSTEM32\windows.storage.dll
0x00007ff8b4910000 - 0x00007ff8b4c88000 	C:\WINDOWS\System32\combase.dll
0x00007ff8b1670000 - 0x00007ff8b17d6000 	C:\WINDOWS\SYSTEM32\wintypes.dll
0x00007ff8b5e80000 - 0x00007ff8b5f6a000 	C:\WINDOWS\System32\SHCORE.dll
0x00007ff8b5f70000 - 0x00007ff8b5fcd000 	C:\WINDOWS\System32\shlwapi.dll
0x00007ff8b3660000 - 0x00007ff8b3681000 	C:\WINDOWS\SYSTEM32\profapi.dll
0x00007ff8a2f30000 - 0x00007ff8a2f48000 	C:\Program Files\Java\jdk-17.0.5\bin\zip.dll
0x00007ff8a98e0000 - 0x00007ff8a98f9000 	C:\Program Files\Java\jdk-17.0.5\bin\net.dll
0x00007ff8ac100000 - 0x00007ff8ac214000 	C:\WINDOWS\SYSTEM32\WINHTTP.dll
0x00007ff8b2d00000 - 0x00007ff8b2d67000 	C:\WINDOWS\system32\mswsock.dll
0x00007ff8a3e50000 - 0x00007ff8a3e66000 	C:\Program Files\Java\jdk-17.0.5\bin\nio.dll
0x00007ff8a1820000 - 0x00007ff8a183a000 	C:\Program Files\JetBrains\IntelliJ IDEA Community Edition 2022.2.1\bin\breakgen64.dll
0x00007ff8a3670000 - 0x00007ff8a3680000 	C:\Program Files\Java\jdk-17.0.5\bin\verify.dll
0x00007ff8a1fe0000 - 0x00007ff8a1fe9000 	C:\Program Files\Java\jdk-17.0.5\bin\management.dll
0x00007ff8a1950000 - 0x00007ff8a195b000 	C:\Program Files\Java\jdk-17.0.5\bin\management_ext.dll
0x00007ff8a36f0000 - 0x00007ff8a3707000 	C:\WINDOWS\system32\napinsp.dll
0x00007ff8a36d0000 - 0x00007ff8a36eb000 	C:\WINDOWS\system32\pnrpnsp.dll
0x00007ff8b2400000 - 0x00007ff8b24e8000 	C:\WINDOWS\SYSTEM32\DNSAPI.dll
0x00007ff8b2380000 - 0x00007ff8b23ad000 	C:\WINDOWS\SYSTEM32\IPHLPAPI.DLL
0x00007ff8b51d0000 - 0x00007ff8b51d9000 	C:\WINDOWS\System32\NSI.dll
0x00007ff8a36b0000 - 0x00007ff8a36c2000 	C:\WINDOWS\System32\winrnr.dll
0x00007ff8a3790000 - 0x00007ff8a37a5000 	C:\WINDOWS\system32\wshbth.dll
0x00007ff8a3770000 - 0x00007ff8a378f000 	C:\WINDOWS\system32\nlansp_c.dll
0x00007ff8a8a40000 - 0x00007ff8a8a4a000 	C:\Windows\System32\rasadhlp.dll
0x00007ff8ab840000 - 0x00007ff8ab8c1000 	C:\WINDOWS\System32\fwpuclnt.dll

dbghelp: loaded successfully - version: 4.0.5 - missing functions: none
symbol engine: initialized successfully - sym options: 0x614 - pdb path: .;C:\Program Files\Java\jdk-17.0.5\bin;C:\WINDOWS\SYSTEM32;C:\WINDOWS\WinSxS\amd64_microsoft.windows.common-controls_6595b64144ccf1df_6.0.22000.120_none_9d947278b86cc467;C:\Program Files\Java\jdk-17.0.5\bin\server;C:\Program Files\JetBrains\IntelliJ IDEA Community Edition 2022.2.1\bin

VM Arguments:
jvm_args: -javaagent:C:\Program Files\JetBrains\IntelliJ IDEA Community Edition 2022.2.1\lib\idea_rt.jar=53005:C:\Program Files\JetBrains\IntelliJ IDEA Community Edition 2022.2.1\bin -Dfile.encoding=UTF-8 
java_command: io.github.vinizer4.VendasApplication
java_class_path (initial): D:\Estudos\Software\Udemy\Spring Boot Expert\vendas\target\classes;C:\Users\vinic\.m2\repository\org\springframework\boot\spring-boot-starter\2.2.4.RELEASE\spring-boot-starter-2.2.4.RELEASE.jar;C:\Users\vinic\.m2\repository\org\springframework\boot\spring-boot\2.2.4.RELEASE\spring-boot-2.2.4.RELEASE.jar;C:\Users\vinic\.m2\repository\org\springframework\spring-context\5.2.3.RELEASE\spring-context-5.2.3.RELEASE.jar;C:\Users\vinic\.m2\repository\org\springframework\boot\spring-boot-autoconfigure\2.2.4.RELEASE\spring-boot-autoconfigure-2.2.4.RELEASE.jar;C:\Users\vinic\.m2\repository\org\springframework\boot\spring-boot-starter-logging\2.2.4.RELEASE\spring-boot-starter-logging-2.2.4.RELEASE.jar;C:\Users\vinic\.m2\repository\ch\qos\logback\logback-classic\1.2.3\logback-classic-1.2.3.jar;C:\Users\vinic\.m2\repository\ch\qos\logback\logback-core\1.2.3\logback-core-1.2.3.jar;C:\Users\vinic\.m2\repository\org\slf4j\slf4j-api\1.7.30\slf4j-api-1.7.30.jar;C:\Users\vinic\.m2\repository\org\apache\logging\log4j\log4j-to-slf4j\2.12.1\log4j-to-slf4j-2.12.1.jar;C:\Users\vinic\.m2\repository\org\apache\logging\log4j\log4j-api\2.12.1\log4j-api-2.12.1.jar;C:\Users\vinic\.m2\repository\org\slf4j\jul-to-slf4j\1.7.30\jul-to-slf4j-1.7.30.jar;C:\Users\vinic\.m2\repository\jakarta\annotation\jakarta.annotation-api\1.3.5\jakarta.annotation-api-1.3.5.jar;C:\Users\vinic\.m2\repository\org\springframework\spring-core\5.2.3.RELEASE\spring-core-5.2.3.RELEASE.jar;C:\Users\vinic\.m2\repository\org\springframework\spring-jcl\5.2.3.RELEASE\spring-jcl-5.2.3.RELEASE.jar;C:\Users\vinic\.m2\repository\org\yaml\snakeyaml\1.25\snakeyaml-1.25.jar;C:\Users\vinic\.m2\repository\org\springframework\boot\spring-boot-starter-web\2.2.4.RELEASE\spring-boot-starter-web-2.2.4.RELEASE.jar;C:\Users\vinic\.m2\repository\org\springframework\boot\spring-boot-starter-json\2.2.4.RELEASE\spring-boot-starter-json-2.2.4.RELEASE.jar;C:\Users\vinic\.m2\repository\com\fasterxml\jackson\core\jackson-dat
Launcher Type: SUN_STANDARD

[Global flags]
     intx CICompilerCount                          = 4                                         {product} {ergonomic}
     uint ConcGCThreads                            = 3                                         {product} {ergonomic}
     uint G1ConcRefinementThreads                  = 10                                        {product} {ergonomic}
   size_t G1HeapRegionSize                         = 2097152                                   {product} {ergonomic}
    uintx GCDrainStackTargetSize                   = 64                                        {product} {ergonomic}
   size_t InitialHeapSize                          = 266338304                                 {product} {ergonomic}
   size_t MarkStackSize                            = 4194304                                   {product} {ergonomic}
   size_t MaxHeapSize                              = 4257218560                                {product} {ergonomic}
   size_t MaxNewSize                               = 2554331136                                {product} {ergonomic}
   size_t MinHeapDeltaBytes                        = 2097152                                   {product} {ergonomic}
   size_t MinHeapSize                              = 8388608                                   {product} {ergonomic}
    uintx NonNMethodCodeHeapSize                   = 5839372                                {pd product} {ergonomic}
    uintx NonProfiledCodeHeapSize                  = 122909434                              {pd product} {ergonomic}
    uintx ProfiledCodeHeapSize                     = 122909434                              {pd product} {ergonomic}
    uintx ReservedCodeCacheSize                    = 251658240                              {pd product} {ergonomic}
     bool SegmentedCodeCache                       = true                                      {product} {ergonomic}
   size_t SoftMaxHeapSize                          = 4257218560                             {manageable} {ergonomic}
     bool UseCompressedClassPointers               = true                           {product lp64_product} {ergonomic}
     bool UseCompressedOops                        = true                           {product lp64_product} {ergonomic}
     bool UseG1GC                                  = true                                      {product} {ergonomic}
     bool UseLargePagesIndividualAllocation        = false                                  {pd product} {ergonomic}

Logging:
Log output configuration:
 #0: stdout all=warning uptime,level,tags
 #1: stderr all=off uptime,level,tags

Environment Variables:
JAVA_HOME=C:\Program Files\Java\jdk-17.0.5
PATH=C:\Users\vinic\AppData\Local\Programs\Python\Python310\Scripts\;C:\Users\vinic\AppData\Local\Programs\Python\Python310\;C:\Program Files (x86)\VMware\VMware Player\bin\;C:\Program Files\Common Files\Oracle\Java\javapath;C:\Program Files (x86)\Common Files\Oracle\Java\javapath;C:\ProgramData\Oracle\Java\javapath;C:\Program Files (x86)\Intel\Intel(R) Management Engine Components\iCLS\;C:\Program Files\Intel\Intel(R) Management Engine Components\iCLS\;C:\Windows\system32;C:\Windows;C:\Windows\System32\Wbem;C:\Windows\System32\WindowsPowerShell\v1.0\;C:\Windows\System32\OpenSSH\;C:\Program Files (x86)\NVIDIA Corporation\PhysX\Common;C:\Program Files\NVIDIA Corporation\NVIDIA NvDLISR;C:\Program Files (x86)\Intel\Intel(R) Management Engine Components\DAL;C:\Program Files\Intel\Intel(R) Management Engine Components\DAL;C:\Program Files\Intel\WiFi\bin\;C:\Program Files\Common Files\Intel\WirelessCommon\;C:\WINDOWS\system32;C:\WINDOWS;C:\WINDOWS\System32\Wbem;C:\WINDOWS\System32\WindowsPowerShell\v1.0\;C:\WINDOWS\System32\OpenSSH\;C:\ProgramData\chocolatey\bin;C:\HashiCorp\Vagrant\bin;C:\Program Files\Docker\Docker\resources\bin;C:\ProgramData\DockerDesktop\version-bin;C:\Program Files\dotnet\;C:\Program Files\nodejs\;C:\Program Files\Git\cmd;C:\Program Files\Microsoft SQL Server\150\Tools\Binn\;C:\Program Files\Microsoft SQL Server\Client SDK\ODBC\170\Tools\Binn\;C:\Program Files\Java\jdk-17.0.5\bin;C:\Maven\bin;C:\Program Files\MySQL\MySQL Shell 8.0\bin\;C:\Users\vinic\AppData\Local\Microsoft\WindowsApps;C:\Users\vinic\AppData\Local\GitHubDesktop\bin;C:\Android\Sdk\Sdk\platform-tools;C:\Users\vinic\AppData\Local\Programs\Hyper\resources\bin;C:\Program Files\JetBrains\IntelliJ IDEA 2022.2\bin;;C:\Program Files\JetBrains\IntelliJ IDEA Community Edition 2022.2.1\bin;;C:\Users\vinic\AppData\Local\Programs\Microsoft VS Code\bin;C:\Users\vinic\AppData\Roaming\npm;C:\Android\Sdk\Sdk\emulator;C:\Android\Sdk\Sdk\tools;C:\Android\Sdk\Sdk\tools\bin;C:\tools\neovim\nvim-win64\bin;C:
USERNAME=Vinicius Teixeira
OS=Windows_NT
PROCESSOR_IDENTIFIER=Intel64 Family 6 Model 158 Stepping 10, GenuineIntel



---------------  S Y S T E M  ---------------

OS:
 Windows 11 , 64 bit Build 22000 (10.0.22000.1219)
OS uptime: 4 days 9:24 hours
Hyper-V role detected

CPU: total 12 (initial active 12) (6 cores per cpu, 2 threads per core) family 6 model 158 stepping 10 microcode 0xde, cx8, cmov, fxsr, ht, mmx, 3dnowpref, sse, sse2, sse3, ssse3, sse4.1, sse4.2, popcnt, lzcnt, tsc, tscinvbit, avx, avx2, aes, erms, clmul, bmi1, bmi2, adx, fma, vzeroupper, clflush, clflushopt, hv

Memory: 4k page, system-wide physical 16233M (981M free)
TotalPageFile size 65385M (AvailPageFile size 5M)
current process WorkingSet (physical memory assigned to process): 127M, peak: 129M
current process commit charge ("private bytes"): 395M, peak: 396M

vm_info: Java HotSpot(TM) 64-Bit Server VM (17.0.5+9-LTS-191) for windows-amd64 JRE (17.0.5+9-LTS-191), built on Sep 13 2022 17:31:43 by "mach5one" with MS VC++ 16.8 / 16.9 (VS2019)

END.
